<?xml version="1.0" encoding="UTF-8"?>
<!-- Generated by org.testng.reporters.JUnitReportReporter -->
<testsuite hostname="DESKTOP-HEHCJDA" failures="0" tests="1" name="runner.RunProject" time="3.546" errors="0" timestamp="2025-03-22T17:21:07 IST" skipped="0">
  <testcase classname="runner.RunProject" name="runScenario" time="3.546"/>
</testsuite> <!-- runner.RunProject -->
